<?xml version="1.0" encoding="UTF-8"?>
<!-- Generated by org.testng.reporters.JUnitReportReporter -->
<testsuite skipped="0" hostname="GYANESH-PC" name="TestNGSessions.InvocationCount" tests="11" failures="0" timestamp="15 Jan 2019 03:35:03 GMT" time="0.056" errors="0">
  <testcase name="homePageHeaderTest" time="0.000" classname="TestNGSessions.InvocationCount"/>
  <testcase name="homePageHeaderTest" time="0.000" classname="TestNGSessions.InvocationCount"/>
  <testcase name="homePageHeaderTest" time="0.000" classname="TestNGSessions.InvocationCount"/>
  <testcase name="homePageHeaderTest" time="0.000" classname="TestNGSessions.InvocationCount"/>
  <testcase name="homePageHeaderTest" time="0.015" classname="TestNGSessions.InvocationCount"/>
  <testcase name="homePageUserInfoTest" time="0.000" classname="TestNGSessions.InvocationCount"/>
  <testcase name="homePageHeaderTest" time="0.000" classname="TestNGSessions.InvocationCount"/>
  <testcase name="homePageHeaderTest" time="0.010" classname="TestNGSessions.InvocationCount"/>
  <testcase name="homePageHeaderTest" time="0.015" classname="TestNGSessions.InvocationCount"/>
  <testcase name="homePageHeaderTest" time="0.016" classname="TestNGSessions.InvocationCount"/>
  <testcase name="homePageHeaderTest" time="0.000" classname="TestNGSessions.InvocationCount"/>
</testsuite> <!-- TestNGSessions.InvocationCount -->
