<?xml version="1.0" encoding="UTF-8"?>
<!-- Generated by org.testng.reporters.JUnitReportReporter -->
<testsuite skipped="0" hostname="GYANESH-PC" name="TestNGSessions.TestNGAnnotations" tests="3" failures="0" timestamp="15 Jan 2019 03:24:22 GMT" time="0.016" errors="0">
  <testcase name="homePageHeaderTest" time="0.000" classname="TestNGSessions.TestNGAnnotations"/>
  <testcase name="homePageUserInfoTest" time="0.016" classname="TestNGSessions.TestNGAnnotations"/>
  <testcase name="homePageTittleTest" time="0.000" classname="TestNGSessions.TestNGAnnotations"/>
</testsuite> <!-- TestNGSessions.TestNGAnnotations -->
