<?xml version="1.0" encoding="UTF-8"?>
<!-- Generated by org.testng.reporters.JUnitReportReporter -->
<testsuite skipped="0" hostname="GYANESH-PC" name="HubSpotTest.HubSpotLoginTest" tests="3" failures="0" timestamp="16 Jan 2019 11:19:41 GMT" time="52.449" errors="0">
  <testcase name="verifyLoginButtonTest" time="10.599" classname="HubSpotTest.HubSpotLoginTest"/>
  <testcase name="verifyloginPageTitleTest" time="12.487" classname="HubSpotTest.HubSpotLoginTest"/>
  <testcase name="loginTest" time="29.363" classname="HubSpotTest.HubSpotLoginTest"/>
</testsuite> <!-- HubSpotTest.HubSpotLoginTest -->
