<?xml version="1.0" encoding="UTF-8"?>
<!-- Generated by org.testng.reporters.JUnitReportReporter -->
<testsuite skipped="1" hostname="GYANESH-PC" name="TestNGSessions.TestNGAnnotations" tests="3" failures="0" timestamp="15 Jan 2019 03:30:56 GMT" time="0.015" errors="0">
  <testcase name="homePageUserInfoTest" time="0.000" classname="TestNGSessions.TestNGAnnotations"/>
  <testcase name="homePageTittleTest" time="0.015" classname="TestNGSessions.TestNGAnnotations"/>
  <testcase name="homePageHeaderTest" classname="TestNGSessions.TestNGAnnotations">
    <skipped/>
  </testcase> <!-- homePageHeaderTest -->
</testsuite> <!-- TestNGSessions.TestNGAnnotations -->
