<?xml version="1.0" encoding="UTF-8"?>
<!-- Generated by org.testng.reporters.JUnitReportReporter -->
<testsuite skipped="0" hostname="GYANESH-PC" name="HubSpotTest.HubSpotTest" tests="2" failures="0" timestamp="16 Jan 2019 11:46:27 GMT" time="79.589" errors="0">
  <testcase name="signUpButtonTest" time="34.910" classname="HubSpotTest.HubSpotTest"/>
  <testcase name="userAccountTest" time="44.679" classname="HubSpotTest.HubSpotTest"/>
</testsuite> <!-- HubSpotTest.HubSpotTest -->
