<?xml version="1.0" encoding="UTF-8"?>
<!-- Generated by org.testng.reporters.JUnitReportReporter -->
<testsuite skipped="0" hostname="GYANESH-PC" name="TestNGSessions.ExpectedExceptionConcept" tests="1" failures="0" timestamp="15 Jan 2019 03:38:53 GMT" time="0.016" errors="0">
  <testcase name="homePageHeaderTest" time="0.016" classname="TestNGSessions.ExpectedExceptionConcept"/>
</testsuite> <!-- TestNGSessions.ExpectedExceptionConcept -->
